Traceback (most recent call last):
  File "/home/runner/work/iceberg-bioimage/iceberg-bioimage/.venv/lib/python3.11/site-packages/jupyter_cache/executors/utils.py", line 58, in single_nb_execution
    executenb(
  File "/home/runner/work/iceberg-bioimage/iceberg-bioimage/.venv/lib/python3.11/site-packages/nbclient/client.py", line 1319, in execute
    return NotebookClient(nb=nb, resources=resources, km=km, **kwargs).execute()
           ^^^^^^^^^^^^^^^^^^^^^^^^^^^^^^^^^^^^^^^^^^^^^^^^^^^^^^^^^^^^^^^^^^^^^
  File "/home/runner/work/iceberg-bioimage/iceberg-bioimage/.venv/lib/python3.11/site-packages/jupyter_core/utils/__init__.py", line 165, in wrapped
    return loop.run_until_complete(inner)
           ^^^^^^^^^^^^^^^^^^^^^^^^^^^^^^
  File "/opt/hostedtoolcache/Python/3.11.15/x64/lib/python3.11/asyncio/base_events.py", line 654, in run_until_complete
    return future.result()
           ^^^^^^^^^^^^^^^
  File "/home/runner/work/iceberg-bioimage/iceberg-bioimage/.venv/lib/python3.11/site-packages/nbclient/client.py", line 709, in async_execute
    await self.async_execute_cell(
  File "/home/runner/work/iceberg-bioimage/iceberg-bioimage/.venv/lib/python3.11/site-packages/nbclient/client.py", line 1062, in async_execute_cell
    await self._check_raise_for_error(cell, cell_index, exec_reply)
  File "/home/runner/work/iceberg-bioimage/iceberg-bioimage/.venv/lib/python3.11/site-packages/nbclient/client.py", line 918, in _check_raise_for_error
    raise CellExecutionError.from_cell_and_msg(cell, exec_reply_content)
nbclient.exceptions.CellExecutionError: An error occurred while executing the following cell:
------------------
with tempfile.TemporaryDirectory(prefix="iceberg-bioimage-demo-") as tmpdir_ctx:
    tmpdir = Path(tmpdir_ctx)

    zarr_path = tmpdir / "plate.zarr"
    root = zarr.open_group(zarr_path, mode="w", zarr_version=2)
    root.attrs["multiscales"] = [{"axes": ["c", "y", "x"], "datasets": [{"path": "0"}]}]
    root.create_dataset(
        "0",
        shape=(1, 4, 4),
        data=np.arange(16, dtype=np.uint16).reshape(1, 4, 4),
        chunks=(1, 2, 2),
    )

    tiff_path = tmpdir / "cells.ome.tiff"
    tifffile.imwrite(tiff_path, np.arange(24, dtype=np.uint8).reshape(2, 3, 4))

    zarr_summary = summarize_store(str(zarr_path)).to_dict()
    tiff_summary = summarize_store(str(tiff_path)).to_dict()

    {
        "zarr_summary": zarr_summary,
        "tiff_summary": tiff_summary,
    }
    # -

    # ## Preferred Cytotable namespace
    #
    # When you ingest into namespace `bioimage`, this project prefers the
    # Cytotable-compatible layout `bioimage.cytotable.*` for new warehouse tables.
    # The two canonical tables are:
    #
    # - `image_assets`: one row per discovered image asset
    # - `chunk_index`: one row per chunk when chunk metadata is available
    #

    # +
    catalog = DemoCatalog()
    warehouse = ingest_stores_to_warehouse(
        [str(zarr_path), str(tiff_path)],
        catalog,
        "bioimage",
    )

    {
        "warehouse_result": warehouse.to_dict(),
        "created_namespaces": catalog.created_namespaces,
        "created_identifiers": catalog.created_identifiers,
        "warehouse_snapshot": warehouse_snapshot(catalog),
    }
    # -

    # ## Legacy namespace fallback
    #
    # Existing warehouses may already store tables directly under `bioimage.*`.
    # When those legacy tables already exist, the ingest path reuses them instead of
    # creating a second copy under `bioimage.cytotable.*`, and it emits a warning so
    # the layout difference is visible.
    #

    # +
    legacy_catalog = DemoCatalog(
        tables={
            ("bioimage", "image_assets"): DemoTable(),
            ("bioimage", "chunk_index"): DemoTable(),
        }
    )

    with warnings.catch_warnings(record=True) as caught:
        warnings.simplefilter("always")
        legacy_result = ingest_stores_to_warehouse(
            [str(zarr_path)],
            legacy_catalog,
            "bioimage",
        )

    {
        "legacy_result": legacy_result.to_dict(),
        "legacy_identifiers": sorted(
            ".".join(identifier) for identifier in legacy_catalog.tables
        ),
        "warnings": [str(item.message) for item in caught],
    }
    # -

    # ## Cytomining profile tables
    #
    # `pycytominer` and `coSMicQC` profile tables often use `Metadata_*` columns.
    # This project now normalizes common aliases like:
    #
    # - `Metadata_dataset_id -> dataset_id`
    # - `Metadata_ImageID -> image_id`
    # - `Metadata_Plate -> plate_id`
    # - `Metadata_Well -> well_id`
    # - `Metadata_Site -> site_id`
    #
    # That means profile tables from the Cytomining ecosystem can join to the
    # warehouse without manual renaming when those aliases are present.
    #

    # +
    zarr_scan = scan_store(str(zarr_path))
    zarr_asset = zarr_scan.image_assets[0]

    profiles = pa.table(
        {
            "Metadata_dataset_id": ["plate"],
            "Metadata_ImageID": [zarr_asset.image_id],
            "Metadata_Plate": ["Plate-1"],
            "Metadata_Well": ["A01"],
            "Metadata_Site": ["1"],
            "cell_count": [42],
        }
    )

    joined = join_profiles_with_store(str(zarr_path), profiles)
    joined.select(
        ["dataset_id", "image_id", "plate_id", "well_id", "site_id", "cell_count"]
    ).to_pydict()
------------------

----- stderr -----
/tmp/ipykernel_2109/1901914600.py:7: ZarrDeprecationWarning: Use Group.create_array instead.
  root.create_dataset(
/home/runner/work/iceberg-bioimage/iceberg-bioimage/src/iceberg_bioimage/publishing/image_assets.py:65: UserWarning: Namespace 'bioimage' does not match CytoTable's expected Iceberg namespace layout. Creating 'bioimage.cytotable.image_assets' during publishing; CytoTable expects 'bioimage.cytotable.image_assets'.
  table = _load_or_create_table(catalog, namespace, table_name)
----- stderr -----
/home/runner/work/iceberg-bioimage/iceberg-bioimage/src/iceberg_bioimage/publishing/chunk_index.py:35: UserWarning: Namespace 'bioimage' does not match CytoTable's expected Iceberg namespace layout. Creating 'bioimage.cytotable.chunk_index' during publishing; CytoTable expects 'bioimage.cytotable.chunk_index'.
  table = _load_or_create_table(
/home/runner/work/iceberg-bioimage/iceberg-bioimage/src/iceberg_bioimage/publishing/image_assets.py:118: UserWarning: Namespace 'bioimage' does not match CytoTable's expected Iceberg namespace layout. Using 'bioimage.cytotable.image_assets' during publishing; CytoTable expects 'bioimage.cytotable.image_assets'.
  return _load_table_with_namespace_fallback(
------------------

[31m---------------------------------------------------------------------------[39m
[31mModuleNotFoundError[39m                       Traceback (most recent call last)
[36mFile [39m[32m~/work/iceberg-bioimage/iceberg-bioimage/src/iceberg_bioimage/integrations/duckdb.py:182[39m, in [36m_require_duckdb[39m[34m()[39m
[32m    181[39m [38;5;28;01mtry[39;00m:
[32m--> [39m[32m182[39m     [38;5;28;01mimport[39;00m[38;5;250m [39m[34;01mduckdb[39;00m
[32m    183[39m [38;5;28;01mexcept[39;00m [38;5;167;01mImportError[39;00m [38;5;28;01mas[39;00m exc:  [38;5;66;03m# pragma: no cover - exercised without group[39;00m

[31mModuleNotFoundError[39m: No module named 'duckdb'

The above exception was the direct cause of the following exception:

[31mRuntimeError[39m                              Traceback (most recent call last)
[36mCell[39m[36m [39m[32mIn[2][39m[32m, line 115[39m
[32m    102[39m zarr_asset = zarr_scan.image_assets[[32m0[39m]
[32m    104[39m profiles = pa.table(
[32m    105[39m     {
[32m    106[39m         [33m"[39m[33mMetadata_dataset_id[39m[33m"[39m: [[33m"[39m[33mplate[39m[33m"[39m],
[32m   (...)[39m[32m    112[39m     }
[32m    113[39m )
[32m--> [39m[32m115[39m joined = [43mjoin_profiles_with_store[49m[43m([49m[38;5;28;43mstr[39;49m[43m([49m[43mzarr_path[49m[43m)[49m[43m,[49m[43m [49m[43mprofiles[49m[43m)[49m
[32m    116[39m joined.select(
[32m    117[39m     [[33m"[39m[33mdataset_id[39m[33m"[39m, [33m"[39m[33mimage_id[39m[33m"[39m, [33m"[39m[33mplate_id[39m[33m"[39m, [33m"[39m[33mwell_id[39m[33m"[39m, [33m"[39m[33msite_id[39m[33m"[39m, [33m"[39m[33mcell_count[39m[33m"[39m]
[32m    118[39m ).to_pydict()

[36mFile [39m[32m~/work/iceberg-bioimage/iceberg-bioimage/src/iceberg_bioimage/api.py:265[39m, in [36mjoin_profiles_with_store[39m[34m(uri, profiles, include_chunks, profile_dataset_id)[39m
[32m    252[39m [38;5;28;01mdef[39;00m[38;5;250m [39m[34mjoin_profiles_with_store[39m(
[32m    253[39m     uri: [38;5;28mstr[39m,
[32m    254[39m     profiles: MetadataSource,
[32m   (...)[39m[32m    257[39m     profile_dataset_id: [38;5;28mstr[39m | [38;5;28;01mNone[39;00m = [38;5;28;01mNone[39;00m,
[32m    258[39m ) -> pa.Table:
[32m    259[39m [38;5;250m    [39m[33;03m"""Scan a store and join its canonical image assets to profile rows.[39;00m
[32m    260[39m 
[32m    261[39m [33;03m    This helper uses the optional DuckDB integration at runtime. Install the[39;00m
[32m    262[39m [33;03m    `duckdb` extra/group before calling it.[39;00m
[32m    263[39m [33;03m    """[39;00m
[32m--> [39m[32m265[39m     [38;5;28;01mreturn[39;00m [43mjoin_profiles_with_scan_result[49m[43m([49m
[32m    266[39m [43m        [49m[43mscan_store[49m[43m([49m[43muri[49m[43m)[49m[43m,[49m
[32m    267[39m [43m        [49m[43mprofiles[49m[43m,[49m
[32m    268[39m [43m        [49m[43minclude_chunks[49m[43m=[49m[43minclude_chunks[49m[43m,[49m
[32m    269[39m [43m        [49m[43mprofile_dataset_id[49m[43m=[49m[43mprofile_dataset_id[49m[43m,[49m
[32m    270[39m [43m    [49m[43m)[49m

[36mFile [39m[32m~/work/iceberg-bioimage/iceberg-bioimage/src/iceberg_bioimage/api.py:244[39m, in [36mjoin_profiles_with_scan_result[39m[34m(scan_result, profiles, include_chunks, profile_dataset_id)[39m
[32m    241[39m [38;5;28;01mif[39;00m include_chunks:
[32m    242[39m     chunk_index = pa.Table.from_pylist(scan_result_to_chunk_rows(scan_result))
[32m--> [39m[32m244[39m [38;5;28;01mreturn[39;00m [43mjoin_image_assets_with_profiles[49m[43m([49m
[32m    245[39m [43m    [49m[43mimage_assets[49m[43m,[49m
[32m    246[39m [43m    [49m[43mprofiles[49m[43m,[49m
[32m    247[39m [43m    [49m[43mchunk_index[49m[43m=[49m[43mchunk_index[49m[43m,[49m
[32m    248[39m [43m    [49m[43mprofile_dataset_id[49m[43m=[49m[43mprofile_dataset_id[49m[43m,[49m
[32m    249[39m [43m[49m[43m)[49m

[36mFile [39m[32m~/work/iceberg-bioimage/iceberg-bioimage/src/iceberg_bioimage/integrations/duckdb.py:92[39m, in [36mjoin_image_assets_with_profiles[39m[34m(image_assets, profiles, join_keys, chunk_index, connection, profile_dataset_id)[39m
[32m     76[39m [38;5;28;01mdef[39;00m[38;5;250m [39m[34mjoin_image_assets_with_profiles[39m(  [38;5;66;03m# noqa: PLR0913[39;00m
[32m     77[39m     image_assets: MetadataSource,
[32m     78[39m     profiles: MetadataSource,
[32m   (...)[39m[32m     83[39m     profile_dataset_id: [38;5;28mstr[39m | [38;5;28;01mNone[39;00m = [38;5;28;01mNone[39;00m,
[32m     84[39m ) -> pa.Table:
[32m     85[39m [38;5;250m    [39m[33;03m"""Join image metadata to a profile table using the canonical join keys.[39;00m
[32m     86[39m 
[32m     87[39m [33;03m    If ``profile_dataset_id`` is provided, that value is used to populate the[39;00m
[32m     88[39m [33;03m    profile-side ``dataset_id`` when the profile input lacks one. When it is[39;00m
[32m     89[39m [33;03m    None, the profile input is expected to carry ``dataset_id`` already.[39;00m
[32m     90[39m [33;03m    """[39;00m
[32m---> [39m[32m92[39m     duckdb_connection, owns_connection = [43m_get_connection[49m[43m([49m[43mconnection[49m[43m)[49m
[32m     93[39m     [38;5;28;01mtry[39;00m:
[32m     94[39m         _register_source(duckdb_connection, [33m"[39m[33mimage_assets[39m[33m"[39m, image_assets)

[36mFile [39m[32m~/work/iceberg-bioimage/iceberg-bioimage/src/iceberg_bioimage/integrations/duckdb.py:140[39m, in [36m_get_connection[39m[34m(connection)[39m
[32m    137[39m [38;5;28;01mif[39;00m connection [38;5;129;01mis[39;00m [38;5;129;01mnot[39;00m [38;5;28;01mNone[39;00m:
[32m    138[39m     [38;5;28;01mreturn[39;00m connection, [38;5;28;01mFalse[39;00m
[32m--> [39m[32m140[39m [38;5;28;01mreturn[39;00m [43mcreate_duckdb_connection[49m[43m([49m[43m)[49m, [38;5;28;01mTrue[39;00m

[36mFile [39m[32m~/work/iceberg-bioimage/iceberg-bioimage/src/iceberg_bioimage/integrations/duckdb.py:45[39m, in [36mcreate_duckdb_connection[39m[34m(database, read_only)[39m
[32m     34[39m [38;5;28;01mdef[39;00m[38;5;250m [39m[34mcreate_duckdb_connection[39m(
[32m     35[39m     database: [38;5;28mstr[39m = [33m"[39m[33m:memory:[39m[33m"[39m,
[32m     36[39m     *,
[32m     37[39m     read_only: [38;5;28mbool[39m = [38;5;28;01mFalse[39;00m,
[32m     38[39m ) -> DuckDBPyConnection:
[32m     39[39m [38;5;250m    [39m[33;03m"""Create a DuckDB connection.[39;00m
[32m     40[39m 
[32m     41[39m [33;03m    DuckDB is optional for this project. This helper isolates the import so the[39;00m
[32m     42[39m [33;03m    core package remains engine-neutral unless the user explicitly opts in.[39;00m
[32m     43[39m [33;03m    """[39;00m
[32m---> [39m[32m45[39m     duckdb = [43m_require_duckdb[49m[43m([49m[43m)[49m
[32m     46[39m     [38;5;28;01mreturn[39;00m duckdb.connect(database=database, read_only=read_only)

[36mFile [39m[32m~/work/iceberg-bioimage/iceberg-bioimage/src/iceberg_bioimage/integrations/duckdb.py:184[39m, in [36m_require_duckdb[39m[34m()[39m
[32m    182[39m     [38;5;28;01mimport[39;00m[38;5;250m [39m[34;01mduckdb[39;00m
[32m    183[39m [38;5;28;01mexcept[39;00m [38;5;167;01mImportError[39;00m [38;5;28;01mas[39;00m exc:  [38;5;66;03m# pragma: no cover - exercised without group[39;00m
[32m--> [39m[32m184[39m     [38;5;28;01mraise[39;00m [38;5;167;01mRuntimeError[39;00m(
[32m    185[39m         [33m"[39m[33mDuckDB helpers require the optional duckdb dependency group. [39m[33m"[39m
[32m    186[39m         [33m"[39m[33mInstall it with `uv sync --group duckdb` or `uv run --group duckdb`.[39m[33m"[39m
[32m    187[39m     ) [38;5;28;01mfrom[39;00m[38;5;250m [39m[34;01mexc[39;00m
[32m    189[39m [38;5;28;01mreturn[39;00m duckdb

[31mRuntimeError[39m: DuckDB helpers require the optional duckdb dependency group. Install it with `uv sync --group duckdb` or `uv run --group duckdb`.

