Traceback (most recent call last):
  File "/home/runner/work/iceberg-bioimage/iceberg-bioimage/.venv/lib/python3.11/site-packages/jupyter_cache/executors/utils.py", line 58, in single_nb_execution
    executenb(
  File "/home/runner/work/iceberg-bioimage/iceberg-bioimage/.venv/lib/python3.11/site-packages/nbclient/client.py", line 1319, in execute
    return NotebookClient(nb=nb, resources=resources, km=km, **kwargs).execute()
           ^^^^^^^^^^^^^^^^^^^^^^^^^^^^^^^^^^^^^^^^^^^^^^^^^^^^^^^^^^^^^^^^^^^^^
  File "/home/runner/work/iceberg-bioimage/iceberg-bioimage/.venv/lib/python3.11/site-packages/jupyter_core/utils/__init__.py", line 165, in wrapped
    return loop.run_until_complete(inner)
           ^^^^^^^^^^^^^^^^^^^^^^^^^^^^^^
  File "/opt/hostedtoolcache/Python/3.11.15/x64/lib/python3.11/asyncio/base_events.py", line 654, in run_until_complete
    return future.result()
           ^^^^^^^^^^^^^^^
  File "/home/runner/work/iceberg-bioimage/iceberg-bioimage/.venv/lib/python3.11/site-packages/nbclient/client.py", line 709, in async_execute
    await self.async_execute_cell(
  File "/home/runner/work/iceberg-bioimage/iceberg-bioimage/.venv/lib/python3.11/site-packages/nbclient/client.py", line 1062, in async_execute_cell
    await self._check_raise_for_error(cell, cell_index, exec_reply)
  File "/home/runner/work/iceberg-bioimage/iceberg-bioimage/.venv/lib/python3.11/site-packages/nbclient/client.py", line 918, in _check_raise_for_error
    raise CellExecutionError.from_cell_and_msg(cell, exec_reply_content)
nbclient.exceptions.CellExecutionError: An error occurred while executing the following cell:
------------------
profiles = pa.table(
    {
        "dataset_id": ["example"],
        "image_id": ["example:0"],
        "cell_count": [42],
    }
)

joined = join_profiles_with_scan_result(scan_result, profiles, include_chunks=True)
joined.to_pydict()
------------------


[31m---------------------------------------------------------------------------[39m
[31mModuleNotFoundError[39m                       Traceback (most recent call last)
[36mFile [39m[32m~/work/iceberg-bioimage/iceberg-bioimage/src/iceberg_bioimage/integrations/duckdb.py:161[39m, in [36m_require_duckdb[39m[34m()[39m
[32m    160[39m [38;5;28;01mtry[39;00m:
[32m--> [39m[32m161[39m     [38;5;28;01mimport[39;00m[38;5;250m [39m[34;01mduckdb[39;00m
[32m    162[39m [38;5;28;01mexcept[39;00m [38;5;167;01mImportError[39;00m [38;5;28;01mas[39;00m exc:  [38;5;66;03m# pragma: no cover - exercised without group[39;00m

[31mModuleNotFoundError[39m: No module named 'duckdb'

The above exception was the direct cause of the following exception:

[31mRuntimeError[39m                              Traceback (most recent call last)
[36mCell[39m[36m [39m[32mIn[4][39m[32m, line 9[39m
[32m      1[39m profiles = pa.table(
[32m      2[39m     {
[32m      3[39m         [33m"[39m[33mdataset_id[39m[33m"[39m: [[33m"[39m[33mexample[39m[33m"[39m],
[32m   (...)[39m[32m      6[39m     }
[32m      7[39m )
[32m----> [39m[32m9[39m joined = [43mjoin_profiles_with_scan_result[49m[43m([49m[43mscan_result[49m[43m,[49m[43m [49m[43mprofiles[49m[43m,[49m[43m [49m[43minclude_chunks[49m[43m=[49m[38;5;28;43;01mTrue[39;49;00m[43m)[49m
[32m     10[39m joined.to_pydict()

[36mFile [39m[32m~/work/iceberg-bioimage/iceberg-bioimage/src/iceberg_bioimage/api.py:164[39m, in [36mjoin_profiles_with_scan_result[39m[34m(scan_result, profiles, include_chunks)[39m
[32m    161[39m [38;5;28;01mif[39;00m include_chunks:
[32m    162[39m     chunk_index = pa.Table.from_pylist(scan_result_to_chunk_rows(scan_result))
[32m--> [39m[32m164[39m [38;5;28;01mreturn[39;00m [43mjoin_image_assets_with_profiles[49m[43m([49m
[32m    165[39m [43m    [49m[43mimage_assets[49m[43m,[49m
[32m    166[39m [43m    [49m[43mprofiles[49m[43m,[49m
[32m    167[39m [43m    [49m[43mchunk_index[49m[43m=[49m[43mchunk_index[49m[43m,[49m
[32m    168[39m [43m[49m[43m)[49m

[36mFile [39m[32m~/work/iceberg-bioimage/iceberg-bioimage/src/iceberg_bioimage/integrations/duckdb.py:83[39m, in [36mjoin_image_assets_with_profiles[39m[34m(image_assets, profiles, join_keys, chunk_index, connection)[39m
[32m     73[39m [38;5;28;01mdef[39;00m[38;5;250m [39m[34mjoin_image_assets_with_profiles[39m(
[32m     74[39m     image_assets: MetadataSource,
[32m     75[39m     profiles: MetadataSource,
[32m   (...)[39m[32m     79[39m     connection: DuckDBPyConnection | [38;5;28;01mNone[39;00m = [38;5;28;01mNone[39;00m,
[32m     80[39m ) -> pa.Table:
[32m     81[39m [38;5;250m    [39m[33;03m"""Join image metadata to a profile table using the canonical join keys."""[39;00m
[32m---> [39m[32m83[39m     duckdb_connection, owns_connection = [43m_get_connection[49m[43m([49m[43mconnection[49m[43m)[49m
[32m     84[39m     _register_source(duckdb_connection, [33m"[39m[33mimage_assets[39m[33m"[39m, image_assets)
[32m     85[39m     _register_source(duckdb_connection, [33m"[39m[33mprofiles[39m[33m"[39m, profiles)

[36mFile [39m[32m~/work/iceberg-bioimage/iceberg-bioimage/src/iceberg_bioimage/integrations/duckdb.py:127[39m, in [36m_get_connection[39m[34m(connection)[39m
[32m    124[39m [38;5;28;01mif[39;00m connection [38;5;129;01mis[39;00m [38;5;129;01mnot[39;00m [38;5;28;01mNone[39;00m:
[32m    125[39m     [38;5;28;01mreturn[39;00m connection, [38;5;28;01mFalse[39;00m
[32m--> [39m[32m127[39m [38;5;28;01mreturn[39;00m [43mcreate_duckdb_connection[49m[43m([49m[43m)[49m, [38;5;28;01mTrue[39;00m

[36mFile [39m[32m~/work/iceberg-bioimage/iceberg-bioimage/src/iceberg_bioimage/integrations/duckdb.py:42[39m, in [36mcreate_duckdb_connection[39m[34m(database, read_only)[39m
[32m     31[39m [38;5;28;01mdef[39;00m[38;5;250m [39m[34mcreate_duckdb_connection[39m(
[32m     32[39m     database: [38;5;28mstr[39m = [33m"[39m[33m:memory:[39m[33m"[39m,
[32m     33[39m     *,
[32m     34[39m     read_only: [38;5;28mbool[39m = [38;5;28;01mFalse[39;00m,
[32m     35[39m ) -> DuckDBPyConnection:
[32m     36[39m [38;5;250m    [39m[33;03m"""Create a DuckDB connection.[39;00m
[32m     37[39m 
[32m     38[39m [33;03m    DuckDB is optional for this project. This helper isolates the import so the[39;00m
[32m     39[39m [33;03m    core package remains engine-neutral unless the user explicitly opts in.[39;00m
[32m     40[39m [33;03m    """[39;00m
[32m---> [39m[32m42[39m     duckdb = [43m_require_duckdb[49m[43m([49m[43m)[49m
[32m     43[39m     [38;5;28;01mreturn[39;00m duckdb.connect(database=database, read_only=read_only)

[36mFile [39m[32m~/work/iceberg-bioimage/iceberg-bioimage/src/iceberg_bioimage/integrations/duckdb.py:163[39m, in [36m_require_duckdb[39m[34m()[39m
[32m    161[39m     [38;5;28;01mimport[39;00m[38;5;250m [39m[34;01mduckdb[39;00m
[32m    162[39m [38;5;28;01mexcept[39;00m [38;5;167;01mImportError[39;00m [38;5;28;01mas[39;00m exc:  [38;5;66;03m# pragma: no cover - exercised without group[39;00m
[32m--> [39m[32m163[39m     [38;5;28;01mraise[39;00m [38;5;167;01mRuntimeError[39;00m(
[32m    164[39m         [33m"[39m[33mDuckDB helpers require the optional duckdb dependency group. [39m[33m"[39m
[32m    165[39m         [33m"[39m[33mInstall it with `uv sync --group duckdb` or `uv run --group duckdb`.[39m[33m"[39m
[32m    166[39m     ) [38;5;28;01mfrom[39;00m[38;5;250m [39m[34;01mexc[39;00m
[32m    168[39m [38;5;28;01mreturn[39;00m duckdb

[31mRuntimeError[39m: DuckDB helpers require the optional duckdb dependency group. Install it with `uv sync --group duckdb` or `uv run --group duckdb`.

